Logging BFS for file Assign2Files 3/Puzzle-8.mb after 101.39936113357544 seconds.
Total states explored:322459
Maximum frontier length: 1362224
Current path length: 8
-----------------------------------------------
Logging BFS for file Assign2Files 3/Puzzle-8.mb after 217.15908408164978 seconds.
Total states explored:456618
Maximum frontier length: 1956675
Current path length: 8
-----------------------------------------------
Logging BFS for file Assign2Files 3/Puzzle-8.mb after 303.6143171787262 seconds.
Total states explored:546549
Maximum frontier length: 2347527
Current path length: 9
-----------------------------------------------
Logging BFS for file Assign2Files 3/Puzzle-8.mb after 409.15403604507446 seconds.
Total states explored:656091
Maximum frontier length: 2811114
Current path length: 9
-----------------------------------------------
Logging BFS for file Assign2Files 3/Puzzle-8.mb after 552.4043309688568 seconds.
Total states explored:785496
Maximum frontier length: 3367748
Current path length: 9
-----------------------------------------------
Logging BFS for file Assign2Files 3/Puzzle-8.mb after 802.9938991069794 seconds.
Total states explored:941986
Maximum frontier length: 4033704
Current path length: 9
-----------------------------------------------
Logging BFS for file Assign2Files 3/Puzzle-8.mb after 804.1072461605072 seconds.
Total states explored:942740
Maximum frontier length: 4037586
Current path length: 9
-----------------------------------------------
Logging BFS for file Assign2Files 3/Puzzle-8.mb after 804.590912103653 seconds.
Total states explored:943660
Maximum frontier length: 4041497
Current path length: 9
-----------------------------------------------
Logging BFS for file Assign2Files 3/Puzzle-8.mb after 1205.82750582695 seconds.
Total states explored:1127946
Maximum frontier length: 4835472
Current path length: 9
-----------------------------------------------
Logging BFS for file Assign2Files 3/Puzzle-8.mb after 1206.4041850566864 seconds.
Total states explored:1128868
Maximum frontier length: 4839330
Current path length: 9
-----------------------------------------------
Logging BFS for file Assign2Files 3/Puzzle-8.mb after 1207.0422201156616 seconds.
Total states explored:1129812
Maximum frontier length: 4843222
Current path length: 9
-----------------------------------------------
Logging BFS for file Assign2Files 3/Puzzle-8.mb after 1207.497458934784 seconds.
Total states explored:1130775
Maximum frontier length: 4847154
Current path length: 9
-----------------------------------------------
