Logging BFS for file Assign2Files 3/Puzzle-0.mb after 100.87621879577637 seconds.
Total states explored:322459
Maximum frontier length: 1362224
Current path length: 8
-----------------------------------------------
Logging BFS for file Assign2Files 3/Puzzle-0.mb after 208.83302474021912 seconds.
Total states explored:456618
Maximum frontier length: 1956675
Current path length: 8
-----------------------------------------------
Logging BFS for file Assign2Files 3/Puzzle-0.mb after 300.1384856700897 seconds.
Total states explored:571467
Maximum frontier length: 2452883
Current path length: 9
-----------------------------------------------
Logging BFS for file Assign2Files 3/Puzzle-0.mb after 427.62642884254456 seconds.
Total states explored:656091
Maximum frontier length: 2811114
Current path length: 9
-----------------------------------------------
Logging BFS for file Assign2Files 3/Puzzle-0.mb after 627.987429857254 seconds.
Total states explored:785496
Maximum frontier length: 3367748
Current path length: 9
-----------------------------------------------
Logging BFS for file Assign2Files 3/Puzzle-0.mb after 628.5718088150024 seconds.
Total states explored:786399
Maximum frontier length: 3371662
Current path length: 9
-----------------------------------------------
Logging BFS for file Assign2Files 3/Puzzle-0.mb after 880.3622369766235 seconds.
Total states explored:941986
Maximum frontier length: 4033704
Current path length: 9
-----------------------------------------------
Logging BFS for file Assign2Files 3/Puzzle-0.mb after 881.1607706546783 seconds.
Total states explored:942740
Maximum frontier length: 4037586
Current path length: 9
-----------------------------------------------
Logging BFS for file Assign2Files 3/Puzzle-0.mb after 900.1031308174133 seconds.
Total states explored:1011249
Maximum frontier length: 4329546
Current path length: 9
-----------------------------------------------
