Logging AStar for file Assign2Files 3/Puzzle-11.mb after 106.85764932632446 seconds.
Total states explored:281998
Maximum frontier length: 1101963
Current path length: 8
-----------------------------------------------
Logging AStar for file Assign2Files 3/Puzzle-11.mb after 201.80868220329285 seconds.
Total states explored:453711
Maximum frontier length: 1772193
Current path length: 10
-----------------------------------------------
Logging AStar for file Assign2Files 3/Puzzle-11.mb after 301.49930024147034 seconds.
Total states explored:542771
Maximum frontier length: 2116535
Current path length: 8
-----------------------------------------------
Logging AStar for file Assign2Files 3/Puzzle-11.mb after 406.63746309280396 seconds.
Total states explored:575193
Maximum frontier length: 2241061
Current path length: 9
-----------------------------------------------
Logging AStar for file Assign2Files 3/Puzzle-11.mb after 630.8971211910248 seconds.
Total states explored:684392
Maximum frontier length: 2666170
Current path length: 9
-----------------------------------------------
Logging AStar for file Assign2Files 3/Puzzle-11.mb after 634.9994361400604 seconds.
Total states explored:689337
Maximum frontier length: 2685840
Current path length: 10
-----------------------------------------------
Logging AStar for file Assign2Files 3/Puzzle-11.mb after 702.8887302875519 seconds.
Total states explored:771310
Maximum frontier length: 3007678
Current path length: 9
-----------------------------------------------
Logging AStar for file Assign2Files 3/Puzzle-11.mb after 1050.4404962062836 seconds.
Total states explored:819454
Maximum frontier length: 3196542
Current path length: 10
-----------------------------------------------
Logging AStar for file Assign2Files 3/Puzzle-11.mb after 1060.0774981975555 seconds.
Total states explored:824071
Maximum frontier length: 3214244
Current path length: 9
-----------------------------------------------
Logging AStar for file Assign2Files 3/Puzzle-11.mb after 1070.5715162754059 seconds.
Total states explored:828847
Maximum frontier length: 3232900
Current path length: 10
-----------------------------------------------
Logging AStar for file Assign2Files 3/Puzzle-11.mb after 1103.0912630558014 seconds.
Total states explored:842899
Maximum frontier length: 3287212
Current path length: 9
-----------------------------------------------
Logging AStar for file Assign2Files 3/Puzzle-11.mb after 1208.4327340126038 seconds.
Total states explored:879998
Maximum frontier length: 3429806
Current path length: 9
-----------------------------------------------
Logging AStar for file Assign2Files 3/Puzzle-11.mb after 1314.4338490962982 seconds.
Total states explored:908513
Maximum frontier length: 3540896
Current path length: 8
-----------------------------------------------
Logging AStar for file Assign2Files 3/Puzzle-11.mb after 1413.1964643001556 seconds.
Total states explored:936317
Maximum frontier length: 3647720
Current path length: 9
-----------------------------------------------
Logging AStar for file Assign2Files 3/Puzzle-11.mb after 1518.4512932300568 seconds.
Total states explored:963887
Maximum frontier length: 3753140
Current path length: 9
-----------------------------------------------
